c:\users\ansg\source\repos\c_programing\c_programing\x64\debug\vc143.pdb
c:\users\ansg\source\repos\c_programing\c_programing\x64\debug\vc143.idb
c:\users\ansg\source\repos\c_programing\c_programing\x64\debug\time.obj
c:\users\ansg\source\repos\c_programing\c_programing\x64\debug\operator_base.obj
c:\users\ansg\source\repos\c_programing\c_programing\x64\debug\operater_app.obj
c:\users\ansg\source\repos\c_programing\c_programing\x64\debug\iteration.obj
c:\users\ansg\source\repos\c_programing\c_programing\x64\debug\io.obj
c:\users\ansg\source\repos\c_programing\c_programing\x64\debug\helloworld.obj
c:\users\ansg\source\repos\c_programing\c_programing\x64\debug\function_base.obj
c:\users\ansg\source\repos\c_programing\c_programing\x64\debug\control.obj
c:\users\ansg\source\repos\c_programing\c_programing\x64\debug\array_use.obj
c:\users\ansg\source\repos\c_programing\c_programing\x64\debug\array.obj
c:\users\ansg\source\repos\c_programing\c_programing\x64\debug\pointer.obj
c:\users\ansg\source\repos\c_programing\x64\debug\c_programing.exe
c:\users\ansg\source\repos\c_programing\c_programing\x64\debug\c_programing.ilk
c:\users\ansg\source\repos\c_programing\x64\debug\c_programing.pdb
c:\users\ansg\source\repos\c_programing\c_programing\x64\debug\array_use.obj.enc
c:\users\ansg\source\repos\c_programing\c_programing\x64\debug\control.obj.enc
c:\users\ansg\source\repos\c_programing\c_programing\x64\debug\io.obj.enc
c:\users\ansg\source\repos\c_programing\c_programing\x64\debug\operator_base.obj.enc
c:\users\ansg\source\repos\c_programing\c_programing\x64\debug\pointer.obj.enc
c:\users\ansg\source\repos\c_programing\c_programing\x64\debug\c_programing.tlog\cl.command.1.tlog
c:\users\ansg\source\repos\c_programing\c_programing\x64\debug\c_programing.tlog\cl.read.1.tlog
c:\users\ansg\source\repos\c_programing\c_programing\x64\debug\c_programing.tlog\cl.write.1.tlog
c:\users\ansg\source\repos\c_programing\c_programing\x64\debug\c_programing.tlog\link.command.1.tlog
c:\users\ansg\source\repos\c_programing\c_programing\x64\debug\c_programing.tlog\link.read.1.tlog
c:\users\ansg\source\repos\c_programing\c_programing\x64\debug\c_programing.tlog\link.write.1.tlog
